2025-10-30 13:39:04 [@ADM-SIS-PRT-001]
Interno #1: Ejecutar slaticket
2025-10-30 13:39:11 [@ADM-SIS-PRT-001]
Interno #1: Ejecutar mailgate
2025-10-30 13:44:38 [2@ADM-SIS-PRT-001]
Interno #1: Ejecutar graph
2025-10-30 13:45:47 [@ADM-SIS-PRT-001]
Interno #1: Ejecutar reservation
2025-10-30 14:05:56 [2@ADM-SIS-PRT-001]
Interno #1: Ejecutar planningrecall
2025-10-30 14:11:07 [2@ADM-SIS-PRT-001]
Interno #1: Ejecutar queuednotification
2025-10-30 14:19:42 [2@ADM-SIS-PRT-001]
Interno #1: Ejecutar RecurrentItems
2025-10-30 14:34:53 [2@ADM-SIS-PRT-001]
Interno #1: Ejecutar closeticket
2025-10-30 14:41:00 [2@ADM-SIS-PRT-001]
Interno #1: Ejecutar alertnotclosed
2025-10-30 15:15:25 [2@ADM-SIS-PRT-001]
Interno #1: Ejecutar olaticket
2025-10-30 15:21:42 [2@ADM-SIS-PRT-001]
Interno #1: Ejecutar temp
2025-10-30 15:35:06 [2@ADM-SIS-PRT-001]
Interno #1: Ejecutar slaticket
2025-10-30 16:04:20 [2@ADM-SIS-PRT-001]
Interno #1: Ejecutar mailgate
2025-10-30 16:09:49 [2@ADM-SIS-PRT-001]
Interno #1: Ejecutar planningrecall
2025-10-30 16:27:44 [2@ADM-SIS-PRT-001]
Interno #1: Ejecutar queuednotification
2025-10-30 16:28:05 [2@ADM-SIS-PRT-001]
Interno #1: Ejecutar graph
2025-10-30 16:28:06 [2@ADM-SIS-PRT-001]
Interno #1: Ejecutar reservation
2025-10-30 16:28:10 [2@ADM-SIS-PRT-001]
Interno #1: Ejecutar RecurrentItems
2025-10-30 16:28:11 [2@ADM-SIS-PRT-001]
Interno #1: Ejecutar olaticket
2025-10-30 16:28:12 [2@ADM-SIS-PRT-001]
Interno #1: Ejecutar slaticket
2025-10-30 16:28:12 [2@ADM-SIS-PRT-001]
Interno #1: Ejecutar mailgate
2025-10-30 16:28:13 [2@ADM-SIS-PRT-001]
Interno #1: Ejecutar planningrecall
2025-10-30 16:28:15 [2@ADM-SIS-PRT-001]
Interno #1: Ejecutar temp
2025-10-30 16:28:17 [2@ADM-SIS-PRT-001]
Interno #1: Ejecutar queuednotification
2025-10-30 17:14:15 [@ADM-SIS-PRT-001]
Interno #1: Ejecutar queuednotification
2025-10-30 17:14:32 [@ADM-SIS-PRT-001]
Interno #1: Ejecutar slaticket
2025-10-30 17:14:57 [@ADM-SIS-PRT-001]
Interno #1: Ejecutar planningrecall
2025-11-04 14:35:49 [2@ADM-SIS-PRT-001]
Interno #1: Ejecutar olaticket
2025-11-04 14:46:32 [2@ADM-SIS-PRT-001]
Interno #1: Ejecutar mailgate
2025-11-04 14:54:50 [2@ADM-SIS-PRT-001]
Interno #1: Ejecutar queuednotification
2025-11-04 15:01:01 [2@ADM-SIS-PRT-001]
Interno #1: Ejecutar planningrecall
2025-11-04 15:06:30 [2@ADM-SIS-PRT-001]
Interno #1: Ejecutar slaticket
2025-11-04 15:15:12 [2@ADM-SIS-PRT-001]
Interno #1: Ejecutar temp
2025-11-04 15:21:26 [2@ADM-SIS-PRT-001]
Interno #1: Ejecutar RecurrentItems
2025-11-04 15:26:32 [2@ADM-SIS-PRT-001]
Interno #1: Ejecutar reservation
2025-11-04 16:23:18 [2@ADM-SIS-PRT-001]
Interno #1: Ejecutar graph
2025-11-04 16:46:11 [2@ADM-SIS-PRT-001]
Interno #1: Ejecutar createinquest
2025-11-04 20:14:08 [2@ADM-SIS-PRT-001]
Interno #1: Ejecutar watcher
2025-11-04 20:43:20 [2@ADM-SIS-PRT-001]
Interno #1: Ejecutar infocom
