2025-11-04 14:56:28 [2@ADM-SIS-PRT-001]
0 seconds for "Installing glpi_plugin_fields_containers"
2025-11-04 14:56:28 [2@ADM-SIS-PRT-001]
0 seconds for "Installing glpi_plugin_fields_containerdisplayconditions"
2025-11-04 14:56:28 [2@ADM-SIS-PRT-001]
0 seconds for "Installing glpi_plugin_fields_fields"
2025-11-04 14:56:28 [2@ADM-SIS-PRT-001]
0 seconds for "Updating glpi_plugin_fields_fields"
2025-11-04 14:56:28 [2@ADM-SIS-PRT-001]
0 seconds for "Installing glpi_plugin_fields_labeltranslations"
2025-11-04 14:56:29 [2@ADM-SIS-PRT-001]
1 segundos for "Installing glpi_plugin_fields_profiles"
2025-11-04 14:56:29 [2@ADM-SIS-PRT-001]
0 seconds for "Installing glpi_plugin_fields_statusoverrides"
2025-11-04 14:56:29 [2@ADM-SIS-PRT-001]
0 seconds for "Cambio del diseño de la Base de datos - glpi_plugin_fields_fields"
2025-11-04 14:56:29 [2@ADM-SIS-PRT-001]
0 seconds for "Valores de configuración agregados para stable_search_options (plugin:fields)."
2025-11-04 14:56:29 [2@ADM-SIS-PRT-001]
0 seconds for "Tarea finalizada."
2025-11-04 14:56:29 [2@ADM-SIS-PRT-001]
0 seconds for "Regenerate containers files"
2025-11-04 14:56:29 [2@ADM-SIS-PRT-001]
0 seconds for "Tarea finalizada."
2025-11-04 14:56:29 [2@ADM-SIS-PRT-001]
0 seconds for "Updating generated containers files"
2025-11-04 14:56:29 [2@ADM-SIS-PRT-001]
0 seconds for "Tarea finalizada."
2025-11-04 14:56:29 [2@ADM-SIS-PRT-001]
0 seconds for "Updating generated dropdown files"
